<?xml version="1.0" encoding="UTF-8"?>
<testsuite name="guru.qa.FileInZipTest" tests="4" skipped="0" failures="0" errors="0" timestamp="2022-08-31T13:45:23" hostname="DESKTOP-I30F35D" time="1.378">
  <properties/>
  <testcase name="Проверка файла examplePdf.pdf в архиве resources.zip" classname="guru.qa.FileInZipTest" time="0.031"/>
  <testcase name="Проверка файла exampleXlsx.xlsx в архиве resources.zip" classname="guru.qa.FileInZipTest" time="0.987"/>
  <testcase name="Проверка файла soccerPlayer.json + jackson" classname="guru.qa.FileInZipTest" time="0.323"/>
  <testcase name="Проверка файла exampleCsv.csv в архиве resources.zip" classname="guru.qa.FileInZipTest" time="0.033"/>
  <system-out><![CDATA[]]></system-out>
  <system-err><![CDATA[]]></system-err>
</testsuite>
